android/app/build/intermediates/manifest_merge_blame_file/debug/processDebugMainManifest/manifest-merger-blame-debug-report.txt
1<?xml version="1.0" encoding="utf-8"?>
2<manifest xmlns:android="http://schemas.android.com/apk/res/android"
3    package="com.timeato.app"
4    android:versionCode="1"
5    android:versionName="1.0" >
6
7    <uses-sdk
8        android:minSdkVersion="26"
9        android:targetSdkVersion="35" />
10
11    <application
11-->src/main/AndroidManifest.xml:4:5-18:19
12        android:allowBackup="false"
12-->src/main/AndroidManifest.xml:5:9-36
13        android:debuggable="true"
14        android:extractNativeLibs="false"
15        android:label="@string/app_name"
15-->src/main/AndroidManifest.xml:6:9-41
16        android:theme="@style/Theme.Timeato" >
16-->src/main/AndroidManifest.xml:7:9-45
17        <activity
17-->src/main/AndroidManifest.xml:9:9-17:20
18            android:name="com.timeato.app.MainActivity"
18-->src/main/AndroidManifest.xml:10:13-41
19            android:configChanges="orientation|screenSize|keyboardHidden|uiMode"
19-->src/main/AndroidManifest.xml:11:13-81
20            android:exported="true" >
20-->src/main/AndroidManifest.xml:12:13-36
21            <intent-filter>
21-->src/main/AndroidManifest.xml:13:13-16:29
22                <action android:name="android.intent.action.MAIN" />
22-->src/main/AndroidManifest.xml:14:17-69
22-->src/main/AndroidManifest.xml:14:25-66
23
24                <category android:name="android.intent.category.LAUNCHER" />
24-->src/main/AndroidManifest.xml:15:17-77
24-->src/main/AndroidManifest.xml:15:27-74
25            </intent-filter>
26        </activity>
27    </application>
28
29</manifest>